log2c=0.0 log2g=-7.1 rate=87.0785
log2c=-3.0 log2g=-7.1 rate=77.5428
log2c=0.0 log2g=-7.7 rate=86.1268
log2c=-3.0 log2g=-7.7 rate=79.3259
log2c=3.0 log2g=-7.1 rate=88.4933
log2c=3.0 log2g=-7.7 rate=87.9545
log2c=-4.0 log2g=-7.1 rate=73.4476
log2c=-4.0 log2g=-7.7 rate=76.0834
log2c=0.0 log2g=-6.5 rate=86.747
log2c=-3.0 log2g=-6.5 rate=73.2886
log2c=3.0 log2g=-6.5 rate=87.9409
log2c=-4.0 log2g=-6.5 rate=72.4087
log2c=2.0 log2g=-7.1 rate=88.4933
log2c=2.0 log2g=-7.7 rate=88.0475
log2c=2.0 log2g=-6.5 rate=87.97
log2c=-1.0 log2g=-7.1 rate=84.2643
log2c=-1.0 log2g=-7.7 rate=83.8069
log2c=-1.0 log2g=-6.5 rate=82.1633
log2c=0.0 log2g=-8.0 rate=85.3244
log2c=-3.0 log2g=-8.0 rate=79.5255
log2c=3.0 log2g=-8.0 rate=87.6483
log2c=-4.0 log2g=-8.0 rate=76.6203
log2c=2.0 log2g=-8.0 rate=87.5959
log2c=-1.0 log2g=-8.0 rate=83.3398
log2c=5.0 log2g=-7.1 rate=88.4235
log2c=5.0 log2g=-7.7 rate=87.8091
log2c=5.0 log2g=-6.5 rate=87.9274
log2c=5.0 log2g=-8.0 rate=87.4138
log2c=-5.0 log2g=-7.1 rate=72.4087
log2c=-5.0 log2g=-7.7 rate=72.589
log2c=-5.0 log2g=-6.5 rate=72.4087
log2c=-5.0 log2g=-8.0 rate=72.7692
log2c=0.0 log2g=-6.8 rate=87.2141
log2c=-3.0 log2g=-6.8 rate=74.9457
log2c=3.0 log2g=-6.8 rate=88.4681
log2c=-4.0 log2g=-6.8 rate=72.6781
log2c=2.0 log2g=-6.8 rate=88.5127
log2c=-1.0 log2g=-6.8 rate=83.803
log2c=5.0 log2g=-6.8 rate=88.4487
log2c=-5.0 log2g=-6.8 rate=72.4087
log2c=1.0 log2g=-7.1 rate=88.4584
log2c=1.0 log2g=-7.7 rate=87.4952
log2c=1.0 log2g=-6.5 rate=87.9564
log2c=1.0 log2g=-8.0 rate=86.7684
log2c=1.0 log2g=-6.8 rate=88.4623
log2c=-2.0 log2g=-7.1 rate=81.0741
log2c=-2.0 log2g=-7.7 rate=81.5916
log2c=-2.0 log2g=-6.5 rate=76.9168
log2c=-2.0 log2g=-8.0 rate=81.3474
log2c=-2.0 log2g=-6.8 rate=79.6961
log2c=0.0 log2g=-7.4 rate=86.6889
log2c=-3.0 log2g=-7.4 rate=78.8336
log2c=3.0 log2g=-7.4 rate=88.2898
log2c=-4.0 log2g=-7.4 rate=74.8605
log2c=2.0 log2g=-7.4 rate=88.3247
log2c=-1.0 log2g=-7.4 rate=84.148
log2c=5.0 log2g=-7.4 rate=88.1948
log2c=-5.0 log2g=-7.4 rate=72.4436
log2c=1.0 log2g=-7.4 rate=88.1367
log2c=-2.0 log2g=-7.4 rate=81.5335
log2c=4.0 log2g=-7.1 rate=88.4507
log2c=4.0 log2g=-7.7 rate=87.8595
log2c=4.0 log2g=-6.5 rate=87.9254
log2c=4.0 log2g=-8.0 rate=87.4738
log2c=4.0 log2g=-6.8 rate=88.4468
log2c=4.0 log2g=-7.4 rate=88.2045


[local] 0.0 -7.1 87.0785 (best c=1.0, g=0.00728932024638, rate=87.0785)
[local] -3.0 -7.1 77.5428 (best c=1.0, g=0.00728932024638, rate=87.0785)
[local] 0.0 -7.7 86.1268 (best c=1.0, g=0.00728932024638, rate=87.0785)
[local] -3.0 -7.7 79.3259 (best c=1.0, g=0.00728932024638, rate=87.0785)
[local] 3.0 -7.1 88.4933 (best c=8.0, g=0.00728932024638, rate=88.4933)
[local] 3.0 -7.7 87.9545 (best c=8.0, g=0.00728932024638, rate=88.4933)
[local] -4.0 -7.1 73.4476 (best c=8.0, g=0.00728932024638, rate=88.4933)
[local] -4.0 -7.7 76.0834 (best c=8.0, g=0.00728932024638, rate=88.4933)
[local] 0.0 -6.5 86.747 (best c=8.0, g=0.00728932024638, rate=88.4933)
[local] -3.0 -6.5 73.2886 (best c=8.0, g=0.00728932024638, rate=88.4933)
[local] 3.0 -6.5 87.9409 (best c=8.0, g=0.00728932024638, rate=88.4933)
[local] -4.0 -6.5 72.4087 (best c=8.0, g=0.00728932024638, rate=88.4933)
[local] 2.0 -7.1 88.4933 (best c=4.0, g=0.00728932024638, rate=88.4933)
[local] 2.0 -7.7 88.0475 (best c=4.0, g=0.00728932024638, rate=88.4933)
[local] 2.0 -6.5 87.97 (best c=4.0, g=0.00728932024638, rate=88.4933)
[local] -1.0 -7.1 84.2643 (best c=4.0, g=0.00728932024638, rate=88.4933)
[local] -1.0 -7.7 83.8069 (best c=4.0, g=0.00728932024638, rate=88.4933)
[local] -1.0 -6.5 82.1633 (best c=4.0, g=0.00728932024638, rate=88.4933)
[local] 0.0 -8.0 85.3244 (best c=4.0, g=0.00728932024638, rate=88.4933)
[local] -3.0 -8.0 79.5255 (best c=4.0, g=0.00728932024638, rate=88.4933)
[local] 3.0 -8.0 87.6483 (best c=4.0, g=0.00728932024638, rate=88.4933)
[local] -4.0 -8.0 76.6203 (best c=4.0, g=0.00728932024638, rate=88.4933)
[local] 2.0 -8.0 87.5959 (best c=4.0, g=0.00728932024638, rate=88.4933)
[local] -1.0 -8.0 83.3398 (best c=4.0, g=0.00728932024638, rate=88.4933)
[local] 5.0 -7.1 88.4235 (best c=4.0, g=0.00728932024638, rate=88.4933)
[local] 5.0 -7.7 87.8091 (best c=4.0, g=0.00728932024638, rate=88.4933)
[local] 5.0 -6.5 87.9274 (best c=4.0, g=0.00728932024638, rate=88.4933)
[local] 5.0 -8.0 87.4138 (best c=4.0, g=0.00728932024638, rate=88.4933)
[local] -5.0 -7.1 72.4087 (best c=4.0, g=0.00728932024638, rate=88.4933)
[local] -5.0 -7.7 72.589 (best c=4.0, g=0.00728932024638, rate=88.4933)
[local] -5.0 -6.5 72.4087 (best c=4.0, g=0.00728932024638, rate=88.4933)
[local] -5.0 -8.0 72.7692 (best c=4.0, g=0.00728932024638, rate=88.4933)
[local] 0.0 -6.8 87.2141 (best c=4.0, g=0.00728932024638, rate=88.4933)
[local] -3.0 -6.8 74.9457 (best c=4.0, g=0.00728932024638, rate=88.4933)
[local] 3.0 -6.8 88.4681 (best c=4.0, g=0.00728932024638, rate=88.4933)
[local] -4.0 -6.8 72.6781 (best c=4.0, g=0.00728932024638, rate=88.4933)
[local] 2.0 -6.8 88.5127 (best c=4.0, g=0.00897420589841, rate=88.5127)
[local] -1.0 -6.8 83.803 (best c=4.0, g=0.00897420589841, rate=88.5127)
[local] 5.0 -6.8 88.4487 (best c=4.0, g=0.00897420589841, rate=88.5127)
[local] -5.0 -6.8 72.4087 (best c=4.0, g=0.00897420589841, rate=88.5127)
[local] 1.0 -7.1 88.4584 (best c=4.0, g=0.00897420589841, rate=88.5127)
[local] 1.0 -7.7 87.4952 (best c=4.0, g=0.00897420589841, rate=88.5127)
[local] 1.0 -6.5 87.9564 (best c=4.0, g=0.00897420589841, rate=88.5127)
[local] 1.0 -8.0 86.7684 (best c=4.0, g=0.00897420589841, rate=88.5127)
[local] 1.0 -6.8 88.4623 (best c=4.0, g=0.00897420589841, rate=88.5127)
[local] -2.0 -7.1 81.0741 (best c=4.0, g=0.00897420589841, rate=88.5127)
[local] -2.0 -7.7 81.5916 (best c=4.0, g=0.00897420589841, rate=88.5127)
[local] -2.0 -6.5 76.9168 (best c=4.0, g=0.00897420589841, rate=88.5127)
[local] -2.0 -8.0 81.3474 (best c=4.0, g=0.00897420589841, rate=88.5127)
[local] -2.0 -6.8 79.6961 (best c=4.0, g=0.00897420589841, rate=88.5127)
[local] 0.0 -7.4 86.6889 (best c=4.0, g=0.00897420589841, rate=88.5127)
[local] -3.0 -7.4 78.8336 (best c=4.0, g=0.00897420589841, rate=88.5127)
[local] 3.0 -7.4 88.2898 (best c=4.0, g=0.00897420589841, rate=88.5127)
[local] -4.0 -7.4 74.8605 (best c=4.0, g=0.00897420589841, rate=88.5127)
[local] 2.0 -7.4 88.3247 (best c=4.0, g=0.00897420589841, rate=88.5127)
[local] -1.0 -7.4 84.148 (best c=4.0, g=0.00897420589841, rate=88.5127)
[local] 5.0 -7.4 88.1948 (best c=4.0, g=0.00897420589841, rate=88.5127)
[local] -5.0 -7.4 72.4436 (best c=4.0, g=0.00897420589841, rate=88.5127)
[local] 1.0 -7.4 88.1367 (best c=4.0, g=0.00897420589841, rate=88.5127)
[local] -2.0 -7.4 81.5335 (best c=4.0, g=0.00897420589841, rate=88.5127)
[local] 4.0 -7.1 88.4507 (best c=4.0, g=0.00897420589841, rate=88.5127)
[local] 4.0 -7.7 87.8595 (best c=4.0, g=0.00897420589841, rate=88.5127)
[local] 4.0 -6.5 87.9254 (best c=4.0, g=0.00897420589841, rate=88.5127)
[local] 4.0 -8.0 87.4738 (best c=4.0, g=0.00897420589841, rate=88.5127)
[local] 4.0 -6.8 88.4468 (best c=4.0, g=0.00897420589841, rate=88.5127)
[local] 4.0 -7.4 88.2045 (best c=4.0, g=0.00897420589841, rate=88.5127)
4.0 0.00897420589841 88.5127
